<?xml version="1.0" encoding="UTF-8"?>
<testng-results skipped="0" failed="0" ignored="0" total="1" passed="1">
  <reporter-output>
  </reporter-output>
  <suite name="Default suite" duration-ms="6651" started-at="2019-08-06T17:19:28Z" finished-at="2019-08-06T17:19:35Z">
    <groups>
    </groups>
    <test name="Default test" duration-ms="6651" started-at="2019-08-06T17:19:28Z" finished-at="2019-08-06T17:19:35Z">
      <class name="com.TestCases.HomePageTest">
        <test-method status="PASS" signature="beforehomePage()[pri:0, instance:com.TestCases.HomePageTest@523884b2]" name="beforehomePage" is-config="true" duration-ms="6403" started-at="2019-08-06T17:19:28Z" finished-at="2019-08-06T17:19:35Z">
          <reporter-output>
          </reporter-output>
        </test-method> <!-- beforehomePage -->
        <test-method status="PASS" signature="homePage()[pri:0, instance:com.TestCases.HomePageTest@523884b2]" name="homePage" duration-ms="21" started-at="2019-08-06T17:19:35Z" finished-at="2019-08-06T17:19:35Z">
          <reporter-output>
          </reporter-output>
        </test-method> <!-- homePage -->
        <test-method status="PASS" signature="afterHomePageTest()[pri:0, instance:com.TestCases.HomePageTest@523884b2]" name="afterHomePageTest" is-config="true" duration-ms="203" started-at="2019-08-06T17:19:35Z" finished-at="2019-08-06T17:19:35Z">
          <reporter-output>
          </reporter-output>
        </test-method> <!-- afterHomePageTest -->
      </class> <!-- com.TestCases.HomePageTest -->
    </test> <!-- Default test -->
  </suite> <!-- Default suite -->
</testng-results>
